<?xml version="1.0" encoding="UTF-8"?>
<!-- Generated by org.testng.reporters.JUnitReportReporter -->
<testsuite hostname="Shlomi-Desktop" failures="0" tests="5" name="tests.MainRunner" time="10.145" errors="0" timestamp="2020-07-06T18:39:14 IDT" skipped="0">
  <testcase classname="tests.MainRunner" name="upFooterOpenWebSite" time="5.001"/>
  <system-out/>
  <testcase classname="tests.MainRunner" name="loginToWebSite" time="2.119"/>
  <system-out/>
  <testcase classname="tests.MainRunner" name="eventsPage" time="1.693"/>
  <system-out/>
  <testcase classname="tests.MainRunner" name="performsearch" time="0.754"/>
  <system-out/>
  <testcase classname="tests.MainRunner" name="validateResultsFromTable" time="0.578"/>
  <system-out/>
</testsuite> <!-- tests.MainRunner -->
